<?xml version="1.0" encoding="UTF-8"?>
<!-- Generated by org.testng.reporters.JUnitXMLReporter -->
<testsuite hostname="XE-T-NITINGO" name="Test" tests="3" failures="1" timestamp="9 Sep 2016 05:57:22 GMT" time="0.406" errors="0">
  <testcase name="testcase1" time="0.125" classname="Newpackage.NewTest"/>
  <testcase name="testcase2" time="0.016" classname="Newpackage.NewTest">
    <failure type="java.lang.AssertionError" message="expected [true] but found [false]">
      <![CDATA[java.lang.AssertionError: expected [true] but found [false]
	at Newpackage.NewTest.testcase2(NewTest.java:34)
... Removed 31 stack frames]]>
    </failure>
  </testcase> <!-- testcase2 -->
  <testcase name="testcase3" time="0.187" classname="Newpackage.NewTest"/>
</testsuite> <!-- Test -->
